2021-08-02 21:47:05,571 - spam_application - INFO - started
2021-08-02 21:47:06,577 - spam_application - INFO - Main    : before running thread
2021-08-02 21:47:06,580 - spam_application - INFO - Main    : before running thread
2021-08-02 21:50:18,565 - spam_application - INFO - started
2021-08-02 21:50:18,568 - spam_application - INFO - Main    : before running thread
2021-08-02 21:50:18,571 - spam_application - INFO - Main    : before running thread
2021-08-02 21:50:18,696 - spam_application - INFO - MQTT Connected with result code 0
2021-08-02 21:50:23,674 - spam_application - DEBUG - send date
2021-08-02 21:50:48,555 - spam_application - INFO - started
2021-08-02 21:50:48,557 - spam_application - INFO - Main    : before running thread
2021-08-02 21:50:48,567 - spam_application - INFO - Main    : before running thread
2021-08-02 21:50:48,683 - spam_application - INFO - MQTT Connected with result code 0
2021-08-02 21:50:53,677 - spam_application - DEBUG - send date
2021-08-02 21:50:55,506 - spam_application - INFO - receive from LCD:{"type":"init","value":"page0"}
2021-08-02 21:50:58,789 - spam_application - DEBUG - send date
2021-08-02 21:51:00,657 - spam_application - INFO - receive from LCD:{"type":"init","value":"page0"}
2021-08-02 21:51:03,889 - spam_application - DEBUG - send date
2021-08-02 21:51:05,745 - spam_application - INFO - receive from LCD:{"type":"init","value":"page0"}
2021-08-02 21:51:08,956 - spam_application - DEBUG - send date
2021-08-02 21:51:10,782 - spam_application - INFO - receive from LCD:{"type":"init","value":"page0"}
2021-08-02 21:51:14,051 - spam_application - DEBUG - send date
2021-08-02 21:51:15,879 - spam_application - INFO - receive from LCD:{"type":"init","value":"page0"}
2021-08-02 21:51:19,124 - spam_application - DEBUG - send date
2021-08-02 21:51:21,035 - spam_application - INFO - receive from LCD:{"type":"init","value":"page0"}
2021-08-02 21:51:24,208 - spam_application - DEBUG - send date
2021-08-02 21:51:26,123 - spam_application - INFO - receive from LCD:{"type":"init","value":"page0"}
2021-08-02 21:51:29,268 - spam_application - DEBUG - send date
2021-08-02 21:51:31,086 - spam_application - INFO - receive from LCD:{"type":"init","value":"page0"}
2021-08-02 21:51:34,335 - spam_application - DEBUG - send date
2021-08-02 21:51:36,189 - spam_application - INFO - receive from LCD:{"type":"init","value":"page0"}
2021-08-02 21:51:39,389 - spam_application - DEBUG - send date
2021-08-02 21:51:41,328 - spam_application - INFO - receive from LCD:{"type":"init","value":"page0"}
2021-08-02 21:51:44,452 - spam_application - DEBUG - send date
2021-08-02 21:51:46,401 - spam_application - INFO - receive from LCD:{"type":"init","value":"page0"}
2021-08-02 21:51:49,562 - spam_application - DEBUG - send date
2021-08-02 21:51:51,464 - spam_application - INFO - receive from LCD:{"type":"init","value":"page0"}
2021-08-02 21:51:54,660 - spam_application - DEBUG - send date
2021-08-02 21:51:56,500 - spam_application - INFO - receive from LCD:{"type":"init","value":"page0"}
2021-08-02 21:51:59,767 - spam_application - DEBUG - send date
2021-08-02 21:52:04,881 - spam_application - DEBUG - send date
2021-08-02 21:52:10,010 - spam_application - DEBUG - send date
2021-08-02 21:52:15,105 - spam_application - DEBUG - send date
2021-08-02 21:52:20,209 - spam_application - DEBUG - send date
2021-08-02 21:52:25,336 - spam_application - DEBUG - send date
2021-08-02 21:52:30,437 - spam_application - DEBUG - send date
2021-08-02 21:52:35,528 - spam_application - DEBUG - send date
2021-08-02 21:52:36,200 - spam_application - ERROR - socket running error:[WinError 10060] 由于连接方在一段时间后没有正确答复或连接的主机没有反应，连接尝试失败。
2021-08-02 21:52:40,617 - spam_application - DEBUG - send date
2021-08-02 21:52:45,733 - spam_application - DEBUG - send date
2021-08-02 21:52:46,229 - spam_application - ERROR - socket running error:timed out
2021-08-02 21:52:50,864 - spam_application - DEBUG - send date
2021-08-02 21:52:55,971 - spam_application - DEBUG - send date
2021-08-02 21:52:56,258 - spam_application - ERROR - socket running error:timed out
2021-08-02 21:53:01,067 - spam_application - DEBUG - send date
2021-08-02 21:53:06,174 - spam_application - DEBUG - send date
2021-08-02 21:53:06,287 - spam_application - ERROR - socket running error:timed out
2021-08-02 21:53:11,251 - spam_application - DEBUG - send date
2021-08-02 21:53:16,314 - spam_application - ERROR - socket running error:timed out
2021-08-02 21:53:16,314 - spam_application - DEBUG - send date
2021-08-02 21:53:21,412 - spam_application - DEBUG - send date
2021-08-02 21:53:26,329 - spam_application - ERROR - socket running error:timed out
2021-08-02 21:53:26,487 - spam_application - DEBUG - send date
2021-08-02 21:53:31,545 - spam_application - DEBUG - send date
2021-08-02 21:53:36,346 - spam_application - ERROR - socket running error:timed out
2021-08-02 21:53:36,614 - spam_application - DEBUG - send date
2021-08-02 21:53:41,682 - spam_application - DEBUG - send date
2021-08-02 22:07:14,852 - bridgeLCD - INFO - started
2021-08-02 22:07:14,855 - bridgeLCD - INFO - Main    : before running thread
2021-08-02 22:07:14,858 - bridgeLCD - INFO - Main    : before running thread
2021-08-02 22:07:14,962 - bridgeLCD - INFO - MQTT Connected with result code 0
2021-08-02 22:07:26,619 - bridgeLCD - INFO - receive from mqtt=>home/sonoff/MySonoff-d5fa66/stat off
2021-08-02 22:07:27,727 - bridgeLCD - INFO - receive from mqtt=>home/sonoff/MySonoff-d5fa66/stat on
2021-08-02 22:07:28,476 - bridgeLCD - INFO - receive from mqtt=>home/sonoff/MySonoff-d5fa66/stat off
2021-08-02 22:07:30,288 - bridgeLCD - INFO - receive from mqtt=>home/sonoff/MySonoff-d5fa66/stat on
2021-08-02 22:07:31,928 - bridgeLCD - INFO - receive from LCD:{"type":"init","value":"page1"}
2021-08-02 22:07:32,413 - bridgeLCD - INFO - receive from LCD:{"type":"init","value":"page0"}
2021-08-02 22:07:33,271 - bridgeLCD - INFO - receive from LCD:{"type":"page0","index":0,"value":0}
2021-08-02 22:07:33,350 - bridgeLCD - INFO - receive from mqtt=>home/sonoff/MySonoff-d5fa66/stat off
2021-08-02 22:07:33,927 - bridgeLCD - INFO - receive from LCD:{"type":"page0","index":0,"value":1}
2021-08-02 22:07:34,100 - bridgeLCD - INFO - receive from mqtt=>home/sonoff/MySonoff-d5fa66/stat on
2021-08-02 22:07:43,016 - bridgeLCD - INFO - started
2021-08-02 22:07:43,019 - bridgeLCD - INFO - Main    : before running thread
2021-08-02 22:07:43,023 - bridgeLCD - INFO - Main    : before running thread
2021-08-02 22:07:43,060 - bridgeLCD - INFO - MQTT Connected with result code 0
2021-08-02 22:07:50,255 - bridgeLCD - INFO - receive from LCD:{"type":"init","value":"page0"}
2021-08-02 22:07:55,295 - bridgeLCD - INFO - receive from LCD:{"type":"init","value":"page0"}
2021-08-02 22:08:03,777 - bridgeLCD - INFO - started
2021-08-02 22:08:03,779 - bridgeLCD - INFO - Main    : before running thread
2021-08-02 22:08:03,783 - bridgeLCD - INFO - Main    : before running thread
2021-08-02 22:08:03,820 - bridgeLCD - INFO - MQTT Connected with result code 0
2021-08-02 22:08:09,962 - bridgeLCD - INFO - receive from mqtt=>home/sonoff/MySonoff-d5fa66/stat off
2021-08-02 22:08:10,862 - bridgeLCD - INFO - receive from mqtt=>home/sonoff/MySonoff-d5fa66/stat on
2021-08-02 22:08:11,964 - bridgeLCD - INFO - receive from mqtt=>home/sonoff/MySonoff-d5fa66/stat off
2021-08-02 22:08:12,909 - bridgeLCD - INFO - receive from mqtt=>home/sonoff/MySonoff-d5fa66/stat on
2021-08-02 22:08:14,305 - bridgeLCD - INFO - receive from LCD:{"type":"init","value":"page1"}
2021-08-02 22:08:15,350 - bridgeLCD - INFO - receive from LCD:{"type":"init","value":"page0"}
2021-08-02 22:08:46,675 - bridgeLCD - INFO - started
2021-08-02 22:08:46,677 - bridgeLCD - INFO - Main    : before running thread
2021-08-02 22:08:46,680 - bridgeLCD - INFO - Main    : before running thread
2021-08-02 22:08:46,805 - bridgeLCD - INFO - MQTT Connected with result code 0
2021-08-02 22:08:53,742 - bridgeLCD - INFO - receive from LCD:{"type":"init","value":"page0"}
2021-08-02 22:08:58,850 - bridgeLCD - INFO - receive from LCD:{"type":"init","value":"page0"}
2021-08-02 22:09:18,598 - bridgeLCD - INFO - started
2021-08-02 22:09:18,599 - bridgeLCD - INFO - Main    : before running thread
2021-08-02 22:09:18,602 - bridgeLCD - INFO - Main    : before running thread
2021-08-02 22:09:18,743 - bridgeLCD - INFO - MQTT Connected with result code 0
2021-08-02 22:09:25,680 - bridgeLCD - INFO - receive from LCD:{"type":"init","value":"page0"}
2021-08-02 22:10:17,786 - bridgeLCD - INFO - started
2021-08-02 22:10:17,788 - bridgeLCD - INFO - Main    : before running thread
2021-08-02 22:10:17,791 - bridgeLCD - INFO - Main    : before running thread
2021-08-02 22:10:17,925 - bridgeLCD - INFO - MQTT Connected with result code 0
2021-08-02 22:10:46,484 - bridgeLCD - INFO - started
2021-08-02 22:10:46,486 - bridgeLCD - INFO - Main    : before running thread
2021-08-02 22:10:46,490 - bridgeLCD - INFO - Main    : before running thread
2021-08-02 22:10:46,629 - bridgeLCD - INFO - MQTT Connected with result code 0
2021-08-02 22:11:19,728 - bridgeLCD - INFO - started
2021-08-02 22:11:19,731 - bridgeLCD - INFO - Main    : before running thread
2021-08-02 22:11:19,735 - bridgeLCD - INFO - Main    : before running thread
2021-08-02 22:11:19,798 - bridgeLCD - INFO - MQTT Connected with result code 0
2021-08-02 22:11:42,083 - bridgeLCD - INFO - started
2021-08-02 22:11:42,085 - bridgeLCD - INFO - Main    : before running thread
2021-08-02 22:11:42,088 - bridgeLCD - INFO - Main    : before running thread
2021-08-02 22:11:42,221 - bridgeLCD - INFO - MQTT Connected with result code 0
2021-08-02 22:12:11,349 - bridgeLCD - INFO - started
2021-08-02 22:12:11,351 - bridgeLCD - INFO - Main    : before running thread
2021-08-02 22:12:11,354 - bridgeLCD - INFO - Main    : before running thread
2021-08-02 22:12:11,413 - bridgeLCD - INFO - MQTT Connected with result code 0
2021-08-02 22:12:35,440 - bridgeLCD - INFO - started
2021-08-02 22:12:35,442 - bridgeLCD - INFO - Main    : before running thread
2021-08-02 22:12:35,445 - bridgeLCD - INFO - Main    : before running thread
2021-08-02 22:12:35,583 - bridgeLCD - INFO - MQTT Connected with result code 0
2021-08-02 22:12:59,546 - bridgeLCD - INFO - started
2021-08-02 22:12:59,550 - bridgeLCD - INFO - Main    : before running thread
2021-08-02 22:12:59,553 - bridgeLCD - INFO - Main    : before running thread
2021-08-02 22:12:59,667 - bridgeLCD - INFO - MQTT Connected with result code 0
2021-08-02 22:13:06,684 - bridgeLCD - INFO - receive from LCD:{"type":"init","value":"page0"}
2021-08-02 22:13:20,887 - bridgeLCD - INFO - started
2021-08-02 22:13:20,887 - bridgeLCD - INFO - Main    : before running thread
2021-08-02 22:13:20,891 - bridgeLCD - INFO - Main    : before running thread
2021-08-02 22:13:20,948 - bridgeLCD - INFO - MQTT Connected with result code 0
2021-08-02 22:13:39,599 - bridgeLCD - INFO - started
2021-08-02 22:13:39,600 - bridgeLCD - INFO - Main    : before running thread
2021-08-02 22:13:39,604 - bridgeLCD - INFO - Main    : before running thread
2021-08-02 22:13:39,664 - bridgeLCD - INFO - MQTT Connected with result code 0
2021-08-02 22:14:16,119 - bridgeLCD - INFO - started
2021-08-02 22:14:16,121 - bridgeLCD - INFO - Main    : before running thread
2021-08-02 22:14:16,125 - bridgeLCD - INFO - Main    : before running thread
2021-08-02 22:14:16,168 - bridgeLCD - INFO - MQTT Connected with result code 0
2021-08-02 22:14:45,251 - bridgeLCD - INFO - started
2021-08-02 22:14:45,254 - bridgeLCD - INFO - Main    : before running thread
2021-08-02 22:14:45,257 - bridgeLCD - INFO - Main    : before running thread
2021-08-02 22:14:45,326 - bridgeLCD - INFO - MQTT Connected with result code 0
2021-08-02 22:14:52,361 - bridgeLCD - INFO - receive from LCD:{"type":"init","value":"page0"}
2021-08-02 22:14:57,487 - bridgeLCD - INFO - receive from LCD:{"type":"init","value":"page0"}
2021-08-02 22:15:34,581 - bridgeLCD - INFO - started
2021-08-02 22:15:34,583 - bridgeLCD - INFO - Main    : before running thread
2021-08-02 22:15:34,587 - bridgeLCD - INFO - Main    : before running thread
2021-08-02 22:15:34,683 - bridgeLCD - INFO - MQTT Connected with result code 0
2021-08-02 22:15:45,956 - bridgeLCD - INFO - receive from LCD:{"type":"init","value":"page5"}
2021-08-02 22:15:47,104 - bridgeLCD - INFO - receive from LCD:{"type":"inner","msg":"ip"}
2021-08-02 22:15:50,956 - bridgeLCD - INFO - receive from LCD:{"type":"page0","index":0,"value":0}
2021-08-02 22:15:51,043 - bridgeLCD - INFO - receive from mqtt=>home/sonoff/MySonoff-d5fa66/stat off
2021-08-02 22:15:52,268 - bridgeLCD - INFO - receive from LCD:{"type":"page0","index":0,"value":1}
2021-08-02 22:15:52,374 - bridgeLCD - INFO - receive from mqtt=>home/sonoff/MySonoff-d5fa66/stat on
2021-08-02 22:15:52,979 - bridgeLCD - INFO - receive from LCD:{"type":"page0","index":0,"value":0}
2021-08-02 22:15:53,094 - bridgeLCD - INFO - receive from mqtt=>home/sonoff/MySonoff-d5fa66/stat off
2021-08-02 22:15:54,118 - bridgeLCD - INFO - receive from mqtt=>home/sonoff/MySonoff-d5fa66/stat on
2021-08-02 22:15:54,873 - bridgeLCD - INFO - receive from mqtt=>home/sonoff/MySonoff-d5fa66/stat off
2021-08-04 20:55:21,521 - bridgeLCD - INFO - started
2021-08-04 20:55:21,523 - bridgeLCD - INFO - Main    : before running thread
2021-08-04 20:55:21,525 - bridgeLCD - INFO - Main    : before running thread
2021-08-04 20:55:21,577 - bridgeLCD - INFO - MQTT Connected with result code 0
2021-08-04 20:55:26,599 - bridgeLCD - DEBUG - send date
2021-08-04 20:55:27,244 - bridgeLCD - INFO - receive from LCD:{"type":"inner","msg":"ip"}
2021-08-04 20:55:29,529 - bridgeLCD - INFO - receive from LCD:{"type":"init","value":"page0"}
2021-08-04 20:55:30,691 - bridgeLCD - INFO - receive from LCD:{"type":"init","value":"page1"}
2021-08-04 20:55:31,664 - bridgeLCD - DEBUG - send date
2021-08-04 20:55:32,010 - bridgeLCD - INFO - receive from LCD:{"type":"init","value":"page0"}
2021-08-04 20:55:33,103 - bridgeLCD - INFO - receive from LCD:{"type":"init","value":"page1"}
2021-08-04 20:55:34,089 - bridgeLCD - INFO - receive from LCD:{"type":"init","value":"page0"}
2021-08-04 20:55:35,368 - bridgeLCD - INFO - receive from LCD:{"type":"init","value":"page0"}
2021-08-04 20:55:36,434 - bridgeLCD - INFO - receive from LCD:{"type":"init","value":"page0"}
2021-08-04 20:55:36,713 - bridgeLCD - DEBUG - send date
2021-08-04 20:55:41,771 - bridgeLCD - DEBUG - send date
2021-08-04 20:55:46,827 - bridgeLCD - DEBUG - send date
2021-08-04 20:55:51,890 - bridgeLCD - DEBUG - send date
2021-08-04 20:55:56,947 - bridgeLCD - DEBUG - send date
2021-08-04 20:56:02,010 - bridgeLCD - DEBUG - send date
2021-08-04 20:56:02,833 - bridgeLCD - INFO - receive from LCD:{"type":"page0","index":0,"value":0}
2021-08-04 20:56:02,971 - bridgeLCD - INFO - receive from mqtt=>home/sonoff/MySonoff-d5fa66/stat off
2021-08-04 20:56:03,674 - bridgeLCD - INFO - receive from LCD:{"type":"page0","index":0,"value":1}
2021-08-04 20:56:03,738 - bridgeLCD - INFO - receive from mqtt=>home/sonoff/MySonoff-d5fa66/stat on
2021-08-04 20:56:04,428 - bridgeLCD - INFO - receive from LCD:{"type":"page0","index":0,"value":0}
2021-08-04 20:56:04,557 - bridgeLCD - INFO - receive from mqtt=>home/sonoff/MySonoff-d5fa66/stat off
2021-08-04 20:56:04,992 - bridgeLCD - INFO - receive from LCD:{"type":"page0","index":0,"value":1}
2021-08-04 20:56:05,019 - bridgeLCD - INFO - receive from mqtt=>home/sonoff/MySonoff-d5fa66/stat on
2021-08-04 20:56:07,053 - bridgeLCD - DEBUG - send date
2021-08-04 20:56:12,132 - bridgeLCD - DEBUG - send date
2021-08-04 20:56:17,186 - bridgeLCD - DEBUG - send date
2021-08-04 20:56:22,259 - bridgeLCD - DEBUG - send date
2021-08-04 20:56:27,327 - bridgeLCD - DEBUG - send date
2021-08-04 20:56:32,400 - bridgeLCD - DEBUG - send date
2021-08-04 20:56:37,477 - bridgeLCD - DEBUG - send date
2021-08-04 20:56:42,559 - bridgeLCD - DEBUG - send date
2021-08-04 20:56:47,609 - bridgeLCD - DEBUG - send date
2021-08-04 20:56:52,683 - bridgeLCD - DEBUG - send date
2021-08-04 20:56:57,746 - bridgeLCD - DEBUG - send date
2021-08-04 20:57:02,788 - bridgeLCD - DEBUG - send date
2021-08-04 20:57:07,834 - bridgeLCD - DEBUG - send date
2021-08-04 20:57:12,883 - bridgeLCD - DEBUG - send date
2021-08-04 20:57:17,946 - bridgeLCD - DEBUG - send date
2021-08-04 20:57:23,019 - bridgeLCD - DEBUG - send date
2021-08-04 20:57:28,087 - bridgeLCD - DEBUG - send date
2021-08-04 20:57:33,153 - bridgeLCD - DEBUG - send date
2021-08-04 20:57:38,226 - bridgeLCD - DEBUG - send date
2021-08-04 20:57:43,298 - bridgeLCD - DEBUG - send date
2021-08-04 20:57:48,377 - bridgeLCD - DEBUG - send date
2021-08-04 20:57:53,453 - bridgeLCD - DEBUG - send date
2021-08-04 20:57:58,521 - bridgeLCD - DEBUG - send date
2021-08-04 20:58:03,615 - bridgeLCD - DEBUG - send date
2021-08-04 20:58:08,688 - bridgeLCD - DEBUG - send date
2021-08-04 20:58:13,759 - bridgeLCD - DEBUG - send date
2021-08-04 20:58:18,843 - bridgeLCD - DEBUG - send date
2021-08-04 20:58:23,911 - bridgeLCD - DEBUG - send date
2021-08-04 20:58:28,974 - bridgeLCD - DEBUG - send date
2021-08-04 20:58:34,009 - bridgeLCD - DEBUG - send date
2021-08-04 20:58:39,080 - bridgeLCD - DEBUG - send date
2021-08-04 20:58:44,152 - bridgeLCD - DEBUG - send date
2021-08-04 20:58:49,219 - bridgeLCD - DEBUG - send date
2021-08-04 20:58:54,287 - bridgeLCD - DEBUG - send date
2021-08-04 20:58:59,350 - bridgeLCD - DEBUG - send date
2021-08-04 20:59:04,438 - bridgeLCD - DEBUG - send date
2021-08-04 20:59:09,487 - bridgeLCD - DEBUG - send date
2021-08-04 20:59:14,568 - bridgeLCD - DEBUG - send date
2021-08-04 20:59:19,634 - bridgeLCD - DEBUG - send date
2021-08-04 20:59:24,711 - bridgeLCD - DEBUG - send date
2021-08-04 20:59:29,765 - bridgeLCD - DEBUG - send date
2021-08-04 20:59:34,832 - bridgeLCD - DEBUG - send date
2021-08-04 20:59:38,216 - bridgeLCD - INFO - receive from LCD:{"type":"page0","index":0,"value":0}
2021-08-04 20:59:38,383 - bridgeLCD - INFO - receive from mqtt=>home/sonoff/MySonoff-d5fa66/stat off
2021-08-04 20:59:39,901 - bridgeLCD - DEBUG - send date
2021-08-04 20:59:44,985 - bridgeLCD - DEBUG - send date
2021-08-04 20:59:50,066 - bridgeLCD - DEBUG - send date
2021-08-04 20:59:55,137 - bridgeLCD - DEBUG - send date
2021-08-04 21:00:00,211 - bridgeLCD - DEBUG - send date
2021-08-04 21:00:05,290 - bridgeLCD - DEBUG - send date
2021-08-04 21:00:10,356 - bridgeLCD - DEBUG - send date
2021-08-04 21:00:15,425 - bridgeLCD - DEBUG - send date
2021-08-04 21:00:20,502 - bridgeLCD - DEBUG - send date
2021-08-04 21:00:25,576 - bridgeLCD - DEBUG - send date
2021-08-04 21:00:30,651 - bridgeLCD - DEBUG - send date
2021-08-04 21:00:35,718 - bridgeLCD - DEBUG - send date
2021-08-04 21:00:40,781 - bridgeLCD - DEBUG - send date
2021-08-04 21:00:45,845 - bridgeLCD - DEBUG - send date
2021-08-04 21:00:50,917 - bridgeLCD - DEBUG - send date
2021-08-04 21:00:55,986 - bridgeLCD - DEBUG - send date
2021-08-04 21:01:01,069 - bridgeLCD - DEBUG - send date
2021-08-04 21:01:06,142 - bridgeLCD - DEBUG - send date
2021-08-04 21:01:11,214 - bridgeLCD - DEBUG - send date
2021-08-04 21:01:16,297 - bridgeLCD - DEBUG - send date
2021-08-04 21:01:21,364 - bridgeLCD - DEBUG - send date
2021-08-04 21:01:26,430 - bridgeLCD - DEBUG - send date
2021-08-04 21:01:31,495 - bridgeLCD - DEBUG - send date
2021-08-04 21:01:36,585 - bridgeLCD - DEBUG - send date
2021-08-04 21:01:41,653 - bridgeLCD - DEBUG - send date
2021-08-04 21:01:46,720 - bridgeLCD - DEBUG - send date
2021-08-04 21:01:51,795 - bridgeLCD - DEBUG - send date
2021-08-04 21:01:56,876 - bridgeLCD - DEBUG - send date
2021-08-04 21:02:01,953 - bridgeLCD - DEBUG - send date
2021-08-04 21:02:07,028 - bridgeLCD - DEBUG - send date
2021-08-04 21:02:12,105 - bridgeLCD - DEBUG - send date
2021-08-04 21:02:17,167 - bridgeLCD - DEBUG - send date
2021-08-04 21:02:22,229 - bridgeLCD - DEBUG - send date
2021-08-04 21:02:27,279 - bridgeLCD - DEBUG - send date
2021-08-04 21:02:32,321 - bridgeLCD - DEBUG - send date
2021-08-04 21:02:37,361 - bridgeLCD - DEBUG - send date
2021-08-04 21:02:42,412 - bridgeLCD - DEBUG - send date
2021-08-04 21:02:47,470 - bridgeLCD - DEBUG - send date
2021-08-04 21:02:52,521 - bridgeLCD - DEBUG - send date
2021-08-04 21:02:57,568 - bridgeLCD - DEBUG - send date
2021-08-04 21:03:02,613 - bridgeLCD - DEBUG - send date
2021-08-04 21:03:05,491 - bridgeLCD - INFO - receive from mqtt=>home/sonoff/MySonoff-d5fa66/stat on
2021-08-04 21:03:07,659 - bridgeLCD - DEBUG - send date
2021-08-04 21:03:07,792 - bridgeLCD - INFO - receive from mqtt=>home/sonoff/MySonoff-d5fa66/stat off
2021-08-04 21:03:12,701 - bridgeLCD - DEBUG - send date
2021-08-04 21:03:17,761 - bridgeLCD - DEBUG - send date
2021-08-04 21:03:22,744 - bridgeLCD - INFO - receive from mqtt=>home/sonoff/MySonoff-d5fa66/stat on
2021-08-04 21:03:22,809 - bridgeLCD - DEBUG - send date
2021-08-04 21:03:24,042 - bridgeLCD - INFO - receive from mqtt=>home/sonoff/MySonoff-d5fa66/stat off
2021-08-04 21:03:26,286 - bridgeLCD - INFO - receive from mqtt=>home/sonoff/MySonoff-d5fa66/stat on
2021-08-04 21:03:27,342 - bridgeLCD - INFO - receive from mqtt=>home/sonoff/MySonoff-d5fa66/stat off
2021-08-04 21:03:27,863 - bridgeLCD - DEBUG - send date
2021-08-04 21:03:28,046 - bridgeLCD - INFO - receive from mqtt=>home/sonoff/MySonoff-d5fa66/stat on
2021-08-04 21:03:28,692 - bridgeLCD - INFO - receive from mqtt=>home/sonoff/MySonoff-d5fa66/stat off
2021-08-04 21:03:30,339 - bridgeLCD - INFO - receive from mqtt=>home/sonoff/MySonoff-d5fa66/stat on
2021-08-04 21:03:31,351 - bridgeLCD - INFO - receive from mqtt=>home/sonoff/MySonoff-d5fa66/stat off
2021-08-04 21:03:32,922 - bridgeLCD - DEBUG - send date
2021-08-04 21:03:34,657 - bridgeLCD - INFO - receive from mqtt=>home/sonoff/MySonoff-d5fa66/stat on
2021-08-04 21:03:37,990 - bridgeLCD - DEBUG - send date
2021-08-04 21:03:43,038 - bridgeLCD - DEBUG - send date
2021-08-04 21:03:44,418 - bridgeLCD - INFO - receive from LCD:{"type":"page0","index":0,"value":0}
2021-08-04 21:03:44,557 - bridgeLCD - INFO - receive from mqtt=>home/sonoff/MySonoff-d5fa66/stat off
2021-08-04 21:03:44,759 - bridgeLCD - INFO - receive from LCD:{"type":"page0","index":0,"value":1}
2021-08-04 21:03:44,846 - bridgeLCD - INFO - receive from mqtt=>home/sonoff/MySonoff-d5fa66/stat on
2021-08-04 21:03:45,540 - bridgeLCD - INFO - receive from LCD:{"type":"page0","index":0,"value":0}
2021-08-04 21:03:45,669 - bridgeLCD - INFO - receive from mqtt=>home/sonoff/MySonoff-d5fa66/stat off
2021-08-04 21:03:46,487 - bridgeLCD - INFO - receive from LCD:{"type":"page0","index":0,"value":1}
2021-08-04 21:03:46,603 - bridgeLCD - INFO - receive from mqtt=>home/sonoff/MySonoff-d5fa66/stat on
2021-08-04 21:03:47,296 - bridgeLCD - INFO - receive from LCD:{"type":"page0","index":0,"value":0}
2021-08-04 21:03:47,420 - bridgeLCD - INFO - receive from mqtt=>home/sonoff/MySonoff-d5fa66/stat off
2021-08-04 21:03:48,095 - bridgeLCD - DEBUG - send date
2021-08-04 21:03:48,657 - bridgeLCD - INFO - receive from LCD:{"type":"page0","index":0,"value":1}
2021-08-04 21:03:48,715 - bridgeLCD - INFO - receive from mqtt=>home/sonoff/MySonoff-d5fa66/stat on
2021-08-04 21:03:49,579 - bridgeLCD - INFO - receive from LCD:{"type":"page0","index":0,"value":0}
2021-08-04 21:03:49,606 - bridgeLCD - INFO - receive from mqtt=>home/sonoff/MySonoff-d5fa66/stat off
2021-08-04 21:03:50,311 - bridgeLCD - INFO - receive from LCD:{"type":"page0","index":0,"value":1}
2021-08-04 21:03:50,335 - bridgeLCD - INFO - receive from mqtt=>home/sonoff/MySonoff-d5fa66/stat on
2021-08-04 21:03:51,022 - bridgeLCD - INFO - receive from LCD:{"type":"page0","index":0,"value":0}
2021-08-04 21:03:51,046 - bridgeLCD - INFO - receive from mqtt=>home/sonoff/MySonoff-d5fa66/stat off
2021-08-04 21:03:52,086 - bridgeLCD - INFO - receive from LCD:{"type":"page0","index":0,"value":1}
2021-08-04 21:03:52,121 - bridgeLCD - INFO - receive from mqtt=>home/sonoff/MySonoff-d5fa66/stat on
2021-08-04 21:03:52,704 - bridgeLCD - INFO - receive from LCD:{"type":"page0","index":0,"value":0}
2021-08-04 21:03:52,729 - bridgeLCD - INFO - receive from mqtt=>home/sonoff/MySonoff-d5fa66/stat off
2021-08-04 21:03:53,142 - bridgeLCD - DEBUG - send date
2021-08-04 21:03:54,215 - bridgeLCD - INFO - receive from LCD:{"type":"page0","index":0,"value":1}
2021-08-04 21:03:54,285 - bridgeLCD - INFO - receive from mqtt=>home/sonoff/MySonoff-d5fa66/stat on
2021-08-04 21:03:54,980 - bridgeLCD - INFO - receive from LCD:{"type":"page0","index":0,"value":0}
2021-08-04 21:03:55,002 - bridgeLCD - INFO - receive from mqtt=>home/sonoff/MySonoff-d5fa66/stat off
2021-08-04 21:03:55,720 - bridgeLCD - INFO - receive from LCD:{"type":"page0","index":0,"value":1}
2021-08-04 21:03:55,750 - bridgeLCD - INFO - receive from mqtt=>home/sonoff/MySonoff-d5fa66/stat on
2021-08-04 21:03:57,725 - bridgeLCD - INFO - receive from LCD:{"type":"page0","index":0,"value":0}
2021-08-04 21:03:57,763 - bridgeLCD - INFO - receive from mqtt=>home/sonoff/MySonoff-d5fa66/stat off
2021-08-04 21:03:58,218 - bridgeLCD - DEBUG - send date
2021-08-04 21:03:58,950 - bridgeLCD - INFO - receive from LCD:{"type":"page0","index":0,"value":1}
2021-08-04 21:03:58,984 - bridgeLCD - INFO - receive from mqtt=>home/sonoff/MySonoff-d5fa66/stat on
2021-08-04 21:03:59,814 - bridgeLCD - INFO - receive from LCD:{"type":"page0","index":0,"value":0}
2021-08-04 21:03:59,844 - bridgeLCD - INFO - receive from mqtt=>home/sonoff/MySonoff-d5fa66/stat off
2021-08-04 21:04:01,684 - bridgeLCD - INFO - receive from LCD:{"type":"page0","index":0,"value":1}
2021-08-04 21:04:01,760 - bridgeLCD - INFO - receive from mqtt=>home/sonoff/MySonoff-d5fa66/stat on
2021-08-04 21:04:02,442 - bridgeLCD - INFO - receive from LCD:{"type":"page0","index":0,"value":0}
2021-08-04 21:04:02,481 - bridgeLCD - INFO - receive from mqtt=>home/sonoff/MySonoff-d5fa66/stat off
2021-08-04 21:04:02,800 - bridgeLCD - INFO - receive from LCD:{"type":"page0","index":0,"value":1}
2021-08-04 21:04:02,830 - bridgeLCD - INFO - receive from mqtt=>home/sonoff/MySonoff-d5fa66/stat on
2021-08-04 21:04:03,165 - bridgeLCD - INFO - receive from LCD:{"type":"page0","index":0,"value":0}
2021-08-04 21:04:03,193 - bridgeLCD - INFO - receive from mqtt=>home/sonoff/MySonoff-d5fa66/stat off
2021-08-04 21:04:03,260 - bridgeLCD - DEBUG - send date
2021-08-04 21:04:03,639 - bridgeLCD - INFO - receive from LCD:{"type":"page0","index":0,"value":1}
2021-08-04 21:04:03,687 - bridgeLCD - INFO - receive from mqtt=>home/sonoff/MySonoff-d5fa66/stat on
2021-08-04 21:04:04,193 - bridgeLCD - INFO - receive from LCD:{"type":"page0","index":0,"value":0}
2021-08-04 21:04:04,227 - bridgeLCD - INFO - receive from mqtt=>home/sonoff/MySonoff-d5fa66/stat off
2021-08-04 21:04:04,694 - bridgeLCD - INFO - receive from LCD:{"type":"page0","index":0,"value":1}
2021-08-04 21:04:04,736 - bridgeLCD - INFO - receive from mqtt=>home/sonoff/MySonoff-d5fa66/stat on
2021-08-04 21:04:05,396 - bridgeLCD - INFO - receive from LCD:{"type":"page0","index":0,"value":0}
2021-08-04 21:04:05,436 - bridgeLCD - INFO - receive from mqtt=>home/sonoff/MySonoff-d5fa66/stat off
2021-08-04 21:04:05,891 - bridgeLCD - INFO - receive from LCD:{"type":"page0","index":0,"value":1}
2021-08-04 21:04:05,943 - bridgeLCD - INFO - receive from mqtt=>home/sonoff/MySonoff-d5fa66/stat on
2021-08-04 21:04:06,443 - bridgeLCD - INFO - receive from LCD:{"type":"page0","index":0,"value":0}
2021-08-04 21:04:06,470 - bridgeLCD - INFO - receive from mqtt=>home/sonoff/MySonoff-d5fa66/stat off
2021-08-04 21:04:07,034 - bridgeLCD - INFO - receive from LCD:{"type":"page0","index":0,"value":1}
2021-08-04 21:04:07,070 - bridgeLCD - INFO - receive from mqtt=>home/sonoff/MySonoff-d5fa66/stat on
2021-08-04 21:04:07,244 - bridgeLCD - INFO - receive from LCD:{"type":"page0","index":0,"value":0}
2021-08-04 21:04:07,290 - bridgeLCD - INFO - receive from mqtt=>home/sonoff/MySonoff-d5fa66/stat off
2021-08-04 21:04:07,407 - bridgeLCD - INFO - receive from LCD:{"type":"page0","index":0,"value":1}
2021-08-04 21:04:07,445 - bridgeLCD - INFO - receive from mqtt=>home/sonoff/MySonoff-d5fa66/stat on
2021-08-04 21:04:07,490 - bridgeLCD - INFO - receive from LCD:{"type":"page0","index":0,"value":1}
2021-08-04 21:04:07,521 - bridgeLCD - INFO - receive from mqtt=>home/sonoff/MySonoff-d5fa66/stat on
2021-08-04 21:04:07,721 - bridgeLCD - INFO - receive from LCD:{"type":"page0","index":0,"value":0}
2021-08-04 21:04:07,757 - bridgeLCD - INFO - receive from mqtt=>home/sonoff/MySonoff-d5fa66/stat off
2021-08-04 21:04:08,298 - bridgeLCD - INFO - receive from LCD:{"type":"page0","index":0,"value":1}
2021-08-04 21:04:08,318 - bridgeLCD - INFO - receive from mqtt=>home/sonoff/MySonoff-d5fa66/stat on
2021-08-04 21:04:08,348 - bridgeLCD - DEBUG - send date
2021-08-04 21:04:08,867 - bridgeLCD - INFO - receive from LCD:{"type":"page0","index":0,"value":0}
2021-08-04 21:04:08,899 - bridgeLCD - INFO - receive from mqtt=>home/sonoff/MySonoff-d5fa66/stat off
2021-08-04 21:04:10,806 - bridgeLCD - INFO - receive from LCD:{"type":"page0","index":0,"value":1}
2021-08-04 21:04:10,839 - bridgeLCD - INFO - receive from mqtt=>home/sonoff/MySonoff-d5fa66/stat on
2021-08-04 21:04:11,269 - bridgeLCD - INFO - receive from LCD:{"type":"page0","index":0,"value":0}
2021-08-04 21:04:11,291 - bridgeLCD - INFO - receive from mqtt=>home/sonoff/MySonoff-d5fa66/stat off
2021-08-04 21:04:11,698 - bridgeLCD - INFO - receive from LCD:{"type":"page0","index":0,"value":1}
2021-08-04 21:04:11,724 - bridgeLCD - INFO - receive from mqtt=>home/sonoff/MySonoff-d5fa66/stat on
2021-08-04 21:04:12,492 - bridgeLCD - INFO - receive from LCD:{"type":"page0","index":0,"value":0}
2021-08-04 21:04:12,517 - bridgeLCD - INFO - receive from mqtt=>home/sonoff/MySonoff-d5fa66/stat off
2021-08-04 21:04:12,885 - bridgeLCD - INFO - receive from LCD:{"type":"page0","index":0,"value":1}
2021-08-04 21:04:12,918 - bridgeLCD - INFO - receive from mqtt=>home/sonoff/MySonoff-d5fa66/stat on
2021-08-04 21:04:13,419 - bridgeLCD - DEBUG - send date
2021-08-04 21:04:13,556 - bridgeLCD - INFO - receive from LCD:{"type":"page0","index":0,"value":0}
2021-08-04 21:04:13,588 - bridgeLCD - INFO - receive from mqtt=>home/sonoff/MySonoff-d5fa66/stat off
2021-08-04 21:04:13,858 - bridgeLCD - INFO - receive from LCD:{"type":"page0","index":0,"value":1}
2021-08-04 21:04:13,886 - bridgeLCD - INFO - receive from mqtt=>home/sonoff/MySonoff-d5fa66/stat on
2021-08-04 21:04:14,186 - bridgeLCD - INFO - receive from LCD:{"type":"page0","index":0,"value":0}
2021-08-04 21:04:14,224 - bridgeLCD - INFO - receive from mqtt=>home/sonoff/MySonoff-d5fa66/stat off
2021-08-04 21:04:14,408 - bridgeLCD - INFO - receive from LCD:{"type":"page0","index":0,"value":1}
2021-08-04 21:04:14,434 - bridgeLCD - INFO - receive from mqtt=>home/sonoff/MySonoff-d5fa66/stat on
2021-08-04 21:04:15,363 - bridgeLCD - INFO - receive from LCD:{"type":"page0","index":0,"value":0}
2021-08-04 21:04:15,390 - bridgeLCD - INFO - receive from mqtt=>home/sonoff/MySonoff-d5fa66/stat off
2021-08-04 21:04:16,382 - bridgeLCD - INFO - receive from LCD:{"type":"init","value":"page1"}
2021-08-04 21:04:17,331 - bridgeLCD - INFO - receive from LCD:{"type":"init","value":"page0"}
2021-08-04 21:04:18,502 - bridgeLCD - DEBUG - send date
2021-08-04 21:04:18,572 - bridgeLCD - INFO - receive from LCD:{"type":"page0","index":0,"value":0}
2021-08-04 21:04:18,637 - bridgeLCD - INFO - receive from mqtt=>home/sonoff/MySonoff-d5fa66/stat off
2021-08-04 21:04:19,138 - bridgeLCD - INFO - receive from LCD:{"type":"page0","index":0,"value":1}
2021-08-04 21:04:19,259 - bridgeLCD - INFO - receive from mqtt=>home/sonoff/MySonoff-d5fa66/stat on
2021-08-04 21:04:23,558 - bridgeLCD - DEBUG - send date
2021-08-04 21:04:28,622 - bridgeLCD - DEBUG - send date
2021-08-04 21:04:33,709 - bridgeLCD - DEBUG - send date
2021-08-04 21:04:38,808 - bridgeLCD - DEBUG - send date
2021-08-04 21:04:43,867 - bridgeLCD - DEBUG - send date
2021-08-04 21:04:48,911 - bridgeLCD - DEBUG - send date
2021-08-04 21:04:54,002 - bridgeLCD - DEBUG - send date
2021-08-04 21:04:59,076 - bridgeLCD - DEBUG - send date
2021-08-04 21:05:04,134 - bridgeLCD - DEBUG - send date
2021-08-04 21:05:09,210 - bridgeLCD - DEBUG - send date
2021-08-04 21:05:14,302 - bridgeLCD - DEBUG - send date
2021-08-04 21:05:19,361 - bridgeLCD - DEBUG - send date
2021-08-04 21:05:24,395 - bridgeLCD - DEBUG - send date
2021-08-04 21:05:29,429 - bridgeLCD - DEBUG - send date
2021-08-04 21:05:34,490 - bridgeLCD - DEBUG - send date
2021-08-04 21:05:39,529 - bridgeLCD - DEBUG - send date
2021-08-04 21:05:42,040 - bridgeLCD - INFO - receive from LCD:{"type":"page0","index":0,"value":0}
2021-08-04 21:05:42,209 - bridgeLCD - INFO - receive from mqtt=>home/sonoff/MySonoff-d5fa66/stat off
2021-08-04 21:05:42,555 - bridgeLCD - INFO - receive from LCD:{"type":"page0","index":0,"value":1}
2021-08-04 21:05:42,614 - bridgeLCD - INFO - receive from mqtt=>home/sonoff/MySonoff-d5fa66/stat on
2021-08-04 21:05:44,582 - bridgeLCD - DEBUG - send date
2021-08-04 21:05:44,995 - bridgeLCD - INFO - receive from LCD:{"type":"page0","index":0,"value":0}
2021-08-04 21:05:45,080 - bridgeLCD - INFO - receive from mqtt=>home/sonoff/MySonoff-d5fa66/stat off
2021-08-04 21:05:49,623 - bridgeLCD - DEBUG - send date
2021-08-04 21:05:54,669 - bridgeLCD - DEBUG - send date
2021-08-04 21:05:59,743 - bridgeLCD - DEBUG - send date
2021-08-04 21:06:04,833 - bridgeLCD - DEBUG - send date
2021-08-04 21:06:09,902 - bridgeLCD - DEBUG - send date
2021-08-04 21:06:14,969 - bridgeLCD - DEBUG - send date
2021-08-04 21:06:20,002 - bridgeLCD - DEBUG - send date
2021-08-04 21:06:25,113 - bridgeLCD - DEBUG - send date
2021-08-04 21:06:30,162 - bridgeLCD - DEBUG - send date
2021-08-04 21:06:35,217 - bridgeLCD - DEBUG - send date
2021-08-04 21:06:40,316 - bridgeLCD - DEBUG - send date
2021-08-04 21:06:45,392 - bridgeLCD - DEBUG - send date
2021-08-04 21:06:50,454 - bridgeLCD - DEBUG - send date
2021-08-04 21:06:55,520 - bridgeLCD - DEBUG - send date
2021-08-04 21:07:00,586 - bridgeLCD - DEBUG - send date
2021-08-04 21:07:05,622 - bridgeLCD - DEBUG - send date
2021-08-04 21:07:10,703 - bridgeLCD - DEBUG - send date
2021-08-04 21:07:15,792 - bridgeLCD - DEBUG - send date
2021-08-04 21:07:20,846 - bridgeLCD - DEBUG - send date
2021-08-04 21:07:25,911 - bridgeLCD - DEBUG - send date
2021-08-04 21:07:30,986 - bridgeLCD - DEBUG - send date
2021-08-04 21:07:36,013 - bridgeLCD - DEBUG - send date
2021-08-04 21:07:41,054 - bridgeLCD - DEBUG - send date
2021-08-04 21:07:46,108 - bridgeLCD - DEBUG - send date
2021-08-04 21:07:51,170 - bridgeLCD - DEBUG - send date
2021-08-04 21:07:56,225 - bridgeLCD - DEBUG - send date
2021-08-04 21:08:01,288 - bridgeLCD - DEBUG - send date
2021-08-04 21:08:06,353 - bridgeLCD - DEBUG - send date
2021-08-04 21:08:10,820 - bridgeLCD - INFO - receive from LCD:{"type":"page0","index":0,"value":1}
2021-08-04 21:08:10,889 - bridgeLCD - INFO - receive from mqtt=>home/sonoff/MySonoff-d5fa66/stat on
2021-08-04 21:08:11,265 - bridgeLCD - INFO - receive from LCD:{"type":"page0","index":0,"value":0}
2021-08-04 21:08:11,421 - bridgeLCD - DEBUG - send date
2021-08-04 21:08:11,432 - bridgeLCD - INFO - receive from mqtt=>home/sonoff/MySonoff-d5fa66/stat off
2021-08-04 21:08:16,485 - bridgeLCD - DEBUG - send date
2021-08-04 21:08:21,538 - bridgeLCD - DEBUG - send date
2021-08-04 21:08:26,586 - bridgeLCD - DEBUG - send date
2021-08-04 21:08:31,636 - bridgeLCD - DEBUG - send date
2021-08-04 21:08:36,699 - bridgeLCD - DEBUG - send date
2021-08-04 21:08:41,750 - bridgeLCD - DEBUG - send date
2021-08-04 21:08:46,807 - bridgeLCD - DEBUG - send date
2021-08-04 21:08:51,857 - bridgeLCD - DEBUG - send date
2021-08-04 21:08:56,914 - bridgeLCD - DEBUG - send date
2021-08-04 21:09:01,965 - bridgeLCD - DEBUG - send date
2021-08-04 21:09:07,019 - bridgeLCD - DEBUG - send date
2021-08-04 21:09:12,065 - bridgeLCD - DEBUG - send date
2021-08-04 21:09:17,133 - bridgeLCD - DEBUG - send date
2021-08-04 21:09:22,175 - bridgeLCD - DEBUG - send date
2021-08-04 21:09:27,220 - bridgeLCD - DEBUG - send date
2021-08-04 21:09:32,265 - bridgeLCD - DEBUG - send date
2021-08-04 21:09:37,318 - bridgeLCD - DEBUG - send date
2021-08-04 21:09:42,385 - bridgeLCD - DEBUG - send date
2021-08-04 21:09:47,414 - bridgeLCD - DEBUG - send date
2021-08-04 21:09:52,472 - bridgeLCD - DEBUG - send date
2021-08-04 21:09:57,522 - bridgeLCD - DEBUG - send date
2021-08-04 21:10:02,570 - bridgeLCD - DEBUG - send date
2021-08-04 21:10:07,669 - bridgeLCD - DEBUG - send date
2021-08-04 21:10:12,714 - bridgeLCD - DEBUG - send date
2021-08-04 21:10:17,766 - bridgeLCD - DEBUG - send date
2021-08-04 21:10:22,826 - bridgeLCD - DEBUG - send date
2021-08-04 21:10:27,867 - bridgeLCD - DEBUG - send date
2021-08-04 21:10:32,911 - bridgeLCD - DEBUG - send date
2021-08-04 21:10:37,958 - bridgeLCD - DEBUG - send date
2021-08-04 21:10:43,036 - bridgeLCD - DEBUG - send date
2021-08-04 21:10:48,080 - bridgeLCD - DEBUG - send date
2021-08-04 21:10:53,153 - bridgeLCD - DEBUG - send date
2021-08-04 21:10:58,191 - bridgeLCD - DEBUG - send date
2021-08-04 21:11:03,239 - bridgeLCD - DEBUG - send date
2021-08-04 21:11:08,273 - bridgeLCD - DEBUG - send date
2021-08-04 21:11:13,347 - bridgeLCD - DEBUG - send date
2021-08-04 21:11:18,446 - bridgeLCD - DEBUG - send date
2021-08-04 21:11:23,485 - bridgeLCD - DEBUG - send date
2021-08-04 21:11:28,530 - bridgeLCD - DEBUG - send date
2021-08-04 21:11:33,572 - bridgeLCD - DEBUG - send date
2021-08-04 21:11:38,653 - bridgeLCD - DEBUG - send date
2021-08-04 21:11:43,680 - bridgeLCD - DEBUG - send date
2021-08-04 21:11:48,744 - bridgeLCD - DEBUG - send date
2021-08-04 21:11:53,798 - bridgeLCD - DEBUG - send date
2021-08-04 21:11:58,839 - bridgeLCD - DEBUG - send date
2021-08-04 21:12:03,886 - bridgeLCD - DEBUG - send date
2021-08-04 21:12:08,955 - bridgeLCD - DEBUG - send date
2021-08-04 21:12:14,006 - bridgeLCD - DEBUG - send date
2021-08-04 21:12:19,040 - bridgeLCD - DEBUG - send date
2021-08-04 21:12:24,105 - bridgeLCD - DEBUG - send date
2021-08-04 21:12:29,158 - bridgeLCD - DEBUG - send date
2021-08-04 21:12:34,207 - bridgeLCD - DEBUG - send date
2021-08-04 21:12:36,546 - bridgeLCD - INFO - receive from LCD:{"type":"page0","index":2,"value":1}
2021-08-04 21:12:39,258 - bridgeLCD - DEBUG - send date
2021-08-04 21:12:44,313 - bridgeLCD - DEBUG - send date
2021-08-04 21:12:49,384 - bridgeLCD - DEBUG - send date
2021-08-04 21:12:54,446 - bridgeLCD - DEBUG - send date
2021-08-04 21:12:54,904 - bridgeLCD - INFO - receive from LCD:{"type":"init","value":"page0"}
2021-08-04 21:12:55,427 - bridgeLCD - INFO - receive from LCD:{"type":"init","value":"page0"}
2021-08-04 21:12:59,500 - bridgeLCD - DEBUG - send date
2021-08-04 21:13:04,542 - bridgeLCD - DEBUG - send date
2021-08-04 21:13:09,605 - bridgeLCD - DEBUG - send date
2021-08-04 21:13:14,671 - bridgeLCD - DEBUG - send date
2021-08-04 21:13:19,719 - bridgeLCD - DEBUG - send date
2021-08-04 21:13:24,794 - bridgeLCD - DEBUG - send date
2021-08-04 21:13:29,835 - bridgeLCD - DEBUG - send date
2021-08-04 21:13:34,887 - bridgeLCD - DEBUG - send date
2021-08-04 21:13:39,938 - bridgeLCD - DEBUG - send date
2021-08-04 21:13:45,019 - bridgeLCD - DEBUG - send date
2021-08-04 21:13:50,062 - bridgeLCD - DEBUG - send date
2021-08-04 21:13:55,106 - bridgeLCD - DEBUG - send date
2021-08-04 21:14:00,158 - bridgeLCD - DEBUG - send date
2021-08-04 21:14:05,228 - bridgeLCD - DEBUG - send date
2021-08-04 21:14:10,292 - bridgeLCD - DEBUG - send date
2021-08-04 21:14:15,348 - bridgeLCD - DEBUG - send date
2021-08-04 21:14:20,394 - bridgeLCD - DEBUG - send date
2021-08-04 21:14:25,422 - bridgeLCD - DEBUG - send date
2021-08-04 21:14:30,460 - bridgeLCD - DEBUG - send date
2021-08-04 21:14:35,519 - bridgeLCD - DEBUG - send date
2021-08-04 21:14:40,561 - bridgeLCD - DEBUG - send date
2021-08-04 21:14:45,640 - bridgeLCD - DEBUG - send date
2021-08-04 21:14:50,708 - bridgeLCD - DEBUG - send date
2021-08-04 21:14:55,785 - bridgeLCD - DEBUG - send date
2021-08-04 21:15:00,836 - bridgeLCD - DEBUG - send date
2021-08-04 21:15:05,935 - bridgeLCD - DEBUG - send date
2021-08-04 21:15:11,020 - bridgeLCD - DEBUG - send date
2021-08-04 21:15:16,096 - bridgeLCD - DEBUG - send date
2021-08-04 21:15:21,144 - bridgeLCD - DEBUG - send date
2021-08-04 21:15:26,192 - bridgeLCD - DEBUG - send date
2021-08-04 21:15:31,258 - bridgeLCD - DEBUG - send date
2021-08-04 21:15:36,302 - bridgeLCD - DEBUG - send date
2021-08-04 21:15:41,341 - bridgeLCD - DEBUG - send date
2021-08-04 21:15:46,381 - bridgeLCD - DEBUG - send date
2021-08-04 21:15:51,427 - bridgeLCD - DEBUG - send date
2021-08-04 21:15:56,477 - bridgeLCD - DEBUG - send date
2021-08-04 21:16:01,535 - bridgeLCD - DEBUG - send date
2021-08-04 21:16:06,580 - bridgeLCD - DEBUG - send date
2021-08-04 21:16:11,630 - bridgeLCD - DEBUG - send date
2021-08-04 21:16:16,667 - bridgeLCD - DEBUG - send date
2021-08-04 21:16:21,709 - bridgeLCD - DEBUG - send date
2021-08-04 21:16:26,761 - bridgeLCD - DEBUG - send date
2021-08-04 21:16:31,813 - bridgeLCD - DEBUG - send date
2021-08-04 21:16:36,878 - bridgeLCD - DEBUG - send date
2021-08-04 21:16:41,932 - bridgeLCD - DEBUG - send date
2021-08-04 21:16:46,989 - bridgeLCD - DEBUG - send date
2021-08-04 21:16:52,053 - bridgeLCD - DEBUG - send date
2021-08-04 21:16:57,111 - bridgeLCD - DEBUG - send date
2021-08-04 21:17:02,158 - bridgeLCD - DEBUG - send date
2021-08-04 21:17:07,204 - bridgeLCD - DEBUG - send date
2021-08-04 21:17:12,275 - bridgeLCD - DEBUG - send date
2021-08-04 21:17:17,354 - bridgeLCD - DEBUG - send date
2021-08-04 21:17:22,404 - bridgeLCD - DEBUG - send date
2021-08-04 21:17:27,448 - bridgeLCD - DEBUG - send date
2021-08-04 21:17:32,509 - bridgeLCD - DEBUG - send date
2021-08-04 21:17:37,564 - bridgeLCD - DEBUG - send date
2021-08-04 21:17:42,630 - bridgeLCD - DEBUG - send date
2021-08-04 21:17:47,677 - bridgeLCD - DEBUG - send date
2021-08-04 21:17:52,733 - bridgeLCD - DEBUG - send date
2021-08-04 21:17:57,793 - bridgeLCD - DEBUG - send date
2021-08-04 21:18:02,845 - bridgeLCD - DEBUG - send date
2021-08-04 21:18:07,897 - bridgeLCD - DEBUG - send date
2021-08-04 21:18:12,956 - bridgeLCD - DEBUG - send date
2021-08-04 21:18:18,021 - bridgeLCD - DEBUG - send date
2021-08-04 21:18:23,068 - bridgeLCD - DEBUG - send date
2021-08-04 21:18:28,138 - bridgeLCD - DEBUG - send date
2021-08-04 21:18:28,693 - bridgeLCD - INFO - receive from mqtt=>home/sonoff/MySonoff-d5fa66/stat on
2021-08-04 21:18:29,469 - bridgeLCD - INFO - receive from mqtt=>home/sonoff/MySonoff-d5fa66/stat off
2021-08-04 21:18:30,966 - bridgeLCD - INFO - receive from LCD:{"type":"page0","index":0,"value":1}
2021-08-04 21:18:31,031 - bridgeLCD - INFO - receive from mqtt=>home/sonoff/MySonoff-d5fa66/stat on
2021-08-04 21:18:31,682 - bridgeLCD - INFO - receive from LCD:{"type":"page0","index":0,"value":0}
2021-08-04 21:18:31,770 - bridgeLCD - INFO - receive from mqtt=>home/sonoff/MySonoff-d5fa66/stat off
2021-08-04 21:18:32,131 - bridgeLCD - INFO - receive from LCD:{"type":"page0","index":0,"value":1}
2021-08-04 21:18:32,229 - bridgeLCD - INFO - receive from mqtt=>home/sonoff/MySonoff-d5fa66/stat on
2021-08-04 21:18:32,554 - bridgeLCD - INFO - receive from LCD:{"type":"page0","index":0,"value":0}
2021-08-04 21:18:32,585 - bridgeLCD - INFO - receive from mqtt=>home/sonoff/MySonoff-d5fa66/stat off
2021-08-04 21:18:33,179 - bridgeLCD - DEBUG - send date
2021-08-04 21:18:38,225 - bridgeLCD - DEBUG - send date
2021-08-04 21:18:43,280 - bridgeLCD - DEBUG - send date
2021-08-04 21:18:48,320 - bridgeLCD - DEBUG - send date
2021-08-04 21:18:53,365 - bridgeLCD - DEBUG - send date
2021-08-04 21:18:58,424 - bridgeLCD - DEBUG - send date
2021-08-04 21:19:03,472 - bridgeLCD - DEBUG - send date
2021-08-04 21:19:08,535 - bridgeLCD - DEBUG - send date
2021-08-04 21:19:13,596 - bridgeLCD - DEBUG - send date
2021-08-04 21:19:18,655 - bridgeLCD - DEBUG - send date
2021-08-04 21:19:23,714 - bridgeLCD - DEBUG - send date
2021-08-04 21:19:28,764 - bridgeLCD - DEBUG - send date
2021-08-04 21:19:33,834 - bridgeLCD - DEBUG - send date
2021-08-04 21:19:38,889 - bridgeLCD - DEBUG - send date
2021-08-04 21:19:43,937 - bridgeLCD - DEBUG - send date
2021-08-04 21:19:48,971 - bridgeLCD - DEBUG - send date
2021-08-04 21:19:54,025 - bridgeLCD - DEBUG - send date
2021-08-04 21:19:59,084 - bridgeLCD - DEBUG - send date
2021-08-04 21:20:04,134 - bridgeLCD - DEBUG - send date
2021-08-04 21:20:09,190 - bridgeLCD - DEBUG - send date
2021-08-04 21:20:14,240 - bridgeLCD - DEBUG - send date
2021-08-04 21:20:19,292 - bridgeLCD - DEBUG - send date
2021-08-04 21:20:24,350 - bridgeLCD - DEBUG - send date
2021-08-04 21:20:29,398 - bridgeLCD - DEBUG - send date
2021-08-04 21:20:30,012 - bridgeLCD - INFO - receive from mqtt=>home/sonoff/MySonoff-d5fa66/stat on
2021-08-04 21:20:32,294 - bridgeLCD - INFO - receive from mqtt=>home/sonoff/MySonoff-d5fa66/stat off
2021-08-04 21:20:33,004 - bridgeLCD - INFO - receive from mqtt=>home/sonoff/MySonoff-d5fa66/stat on
2021-08-04 21:20:34,490 - bridgeLCD - DEBUG - send date
2021-08-04 21:39:18,903 - bridgeLCD - INFO - started
2021-08-04 21:39:18,904 - bridgeLCD - INFO - Main    : before running thread
2021-08-04 21:39:18,905 - bridgeLCD - INFO - Main    : before running thread
2021-08-04 21:39:18,984 - bridgeLCD - INFO - MQTT Connected with result code 0
2021-08-04 21:39:21,027 - bridgeLCD - INFO - MQTT Connected with result code 0
2021-08-04 21:39:23,117 - bridgeLCD - INFO - MQTT Connected with result code 0
2021-08-04 21:39:24,000 - bridgeLCD - DEBUG - send date
2021-08-04 21:39:24,021 - bridgeLCD - ERROR - socket running error:[WinError 10054] 远程主机强迫关闭了一个现有的连接。
2021-08-04 21:39:25,172 - bridgeLCD - INFO - MQTT Connected with result code 0
2021-08-04 21:39:27,212 - bridgeLCD - INFO - MQTT Connected with result code 0
2021-08-04 21:39:29,098 - bridgeLCD - DEBUG - send date
2021-08-04 21:39:29,130 - bridgeLCD - ERROR - socket running error:[WinError 10053] 你的主机中的软件中止了一个已建立的连接。
2021-08-04 21:39:29,279 - bridgeLCD - INFO - MQTT Connected with result code 0
2021-08-04 21:39:34,194 - bridgeLCD - DEBUG - send date
2021-08-04 21:39:34,242 - bridgeLCD - ERROR - socket running error:[WinError 10053] 你的主机中的软件中止了一个已建立的连接。
2021-08-04 21:39:39,282 - bridgeLCD - DEBUG - send date
2021-08-04 21:39:39,371 - bridgeLCD - ERROR - socket running error:[WinError 10053] 你的主机中的软件中止了一个已建立的连接。
2021-08-04 21:39:44,374 - bridgeLCD - DEBUG - send date
2021-08-04 21:39:44,400 - bridgeLCD - ERROR - socket running error:[WinError 10053] 你的主机中的软件中止了一个已建立的连接。
2021-08-04 21:39:49,471 - bridgeLCD - DEBUG - send date
2021-08-04 21:39:49,513 - bridgeLCD - ERROR - socket running error:[WinError 10054] 远程主机强迫关闭了一个现有的连接。
2021-08-04 21:39:57,047 - bridgeLCD - INFO - started
2021-08-04 21:39:57,050 - bridgeLCD - INFO - Main    : before running thread
2021-08-04 21:39:57,053 - bridgeLCD - INFO - Main    : before running thread
2021-08-04 21:39:57,129 - bridgeLCD - INFO - MQTT Connected with result code 0
2021-08-04 21:40:02,101 - bridgeLCD - DEBUG - send date
2021-08-04 21:40:05,491 - bridgeLCD - INFO - receive from mqtt=>home/sonoff/MySonoff-d5fa66/stat on
2021-08-04 21:40:06,768 - bridgeLCD - INFO - receive from mqtt=>home/sonoff/MySonoff-d5fa66/stat off
2021-08-04 21:40:07,171 - bridgeLCD - DEBUG - send date
